[I 2025-04-03 14:27:22.850 ServerApp] Kernel restarted: 781636a7-7c12-4631-a180-dd934720361e
[I 2025-04-03 14:27:22.858 ServerApp] Starting buffering for 781636a7-7c12-4631-a180-dd934720361e:fbf04dfc-736d-47ef-855e-fec40cd7457f
[I 2025-04-03 14:27:22.866 ServerApp] Connecting to kernel 781636a7-7c12-4631-a180-dd934720361e.
[I 2025-04-03 14:27:22.866 ServerApp] Restoring connection for 781636a7-7c12-4631-a180-dd934720361e:fbf04dfc-736d-47ef-855e-fec40cd7457f
[W 2025-04-03 14:28:24.938 ServerApp] delete /output/AssetPricing_2025-04-03_14:15:24
[I 2025-04-03 14:28:58.053 ServerApp] Saving file at /main.ipynb
[I 2025-04-03 14:44:01.130 ServerApp] Saving file at /main.ipynb
[I 2025-04-03 14:46:02.142 ServerApp] Saving file at /main.ipynb
[I 2025-04-03 14:48:03.104 ServerApp] Saving file at /main.ipynb
[I 2025-04-03 14:50:03.656 ServerApp] Saving file at /main.ipynb
[I 2025-04-03 15:23:28.397 ServerApp] Starting buffering for 781636a7-7c12-4631-a180-dd934720361e:fbf04dfc-736d-47ef-855e-fec40cd7457f
[I 2025-04-03 15:23:28.831 ServerApp] Connecting to kernel 781636a7-7c12-4631-a180-dd934720361e.
[I 2025-04-03 15:23:28.831 ServerApp] Restoring connection for 781636a7-7c12-4631-a180-dd934720361e:fbf04dfc-736d-47ef-855e-fec40cd7457f
[W 2025-04-03 15:24:58.846 ServerApp] WebSocket ping timeout after 90014 ms.
[I 2025-04-03 15:25:03.858 ServerApp] Starting buffering for 781636a7-7c12-4631-a180-dd934720361e:fbf04dfc-736d-47ef-855e-fec40cd7457f
[I 2025-04-03 15:27:10.869 ServerApp] Connecting to kernel 781636a7-7c12-4631-a180-dd934720361e.
[I 2025-04-03 15:27:11.073 ServerApp] Restoring connection for 781636a7-7c12-4631-a180-dd934720361e:fbf04dfc-736d-47ef-855e-fec40cd7457f
[I 2025-04-03 16:50:31.674 ServerApp] Starting buffering for 781636a7-7c12-4631-a180-dd934720361e:fbf04dfc-736d-47ef-855e-fec40cd7457f
[I 2025-04-03 16:50:32.212 ServerApp] Connecting to kernel 781636a7-7c12-4631-a180-dd934720361e.
[I 2025-04-03 16:50:32.212 ServerApp] Restoring connection for 781636a7-7c12-4631-a180-dd934720361e:fbf04dfc-736d-47ef-855e-fec40cd7457f
[W 2025-04-03 16:52:02.214 ServerApp] WebSocket ping timeout after 90002 ms.
[I 2025-04-03 16:52:07.226 ServerApp] Starting buffering for 781636a7-7c12-4631-a180-dd934720361e:fbf04dfc-736d-47ef-855e-fec40cd7457f
